The target system is: Linux -  - 
The host system is: Linux - 3.16.0-60-generic - i686
Compiling the C compiler identification source file "CMakeCCompilerId.c" succeeded.
Compiler: /opt/fsl-networking/QorIQ-SDK-V1.7/sysroots/i686-fslsdk-linux/usr/bin/powerpc-fsl-linux-gnuspe/powerpc-fsl-linux-gnuspe-gcc 
Build flags: ;-m32;-mcpu=8548;-mabi=spe;-mspe;-mfloat-gprs=double;--sysroot=/opt/fsl-networking/QorIQ-SDK-V1.7/sysroots/ppce500v2-fsl-linux-gnuspe
Id flags: 

The output was:
0


Compilation of the C compiler identification source "CMakeCCompilerId.c" produced "a.out"

The C compiler identification is GNU, found in "/vagrant/workspace/CM_FW/build/CMakeFiles/2.8.12.2/CompilerIdC/a.out"

Compiling the CXX compiler identification source file "CMakeCXXCompilerId.cpp" succeeded.
Compiler: /opt/fsl-networking/QorIQ-SDK-V1.7/sysroots/i686-fslsdk-linux/usr/bin/powerpc-fsl-linux-gnuspe/powerpc-fsl-linux-gnuspe-g++ 
Build flags: ;-m32;-mcpu=8548;-mabi=spe;-mspe;-mfloat-gprs=double;--sysroot=/opt/fsl-networking/QorIQ-SDK-V1.7/sysroots/ppce500v2-fsl-linux-gnuspe
Id flags: 

The output was:
0


Compilation of the CXX compiler identification source "CMakeCXXCompilerId.cpp" produced "a.out"

The CXX compiler identification is GNU, found in "/vagrant/workspace/CM_FW/build/CMakeFiles/2.8.12.2/CompilerIdCXX/a.out"

Determining if the C compiler works passed with the following output:
Change Dir: /vagrant/workspace/CM_FW/build/CMakeFiles/CMakeTmp

Run Build Command:/usr/bin/make "cmTryCompileExec3242522562/fast"
/usr/bin/make -f CMakeFiles/cmTryCompileExec3242522562.dir/build.make CMakeFiles/cmTryCompileExec3242522562.dir/build
make[1]: Entering directory `/vagrant/workspace/CM_FW/build/CMakeFiles/CMakeTmp'
/usr/bin/cmake -E cmake_progress_report /vagrant/workspace/CM_FW/build/CMakeFiles/CMakeTmp/CMakeFiles 1
Building C object CMakeFiles/cmTryCompileExec3242522562.dir/testCCompiler.c.o
/opt/fsl-networking/QorIQ-SDK-V1.7/sysroots/i686-fslsdk-linux/usr/bin/powerpc-fsl-linux-gnuspe/powerpc-fsl-linux-gnuspe-gcc   -m32 -mcpu=8548 -mabi=spe -mspe -mfloat-gprs=double --sysroot=/opt/fsl-networking/QorIQ-SDK-V1.7/sysroots/ppce500v2-fsl-linux-gnuspe     -o CMakeFiles/cmTryCompileExec3242522562.dir/testCCompiler.c.o   -c /vagrant/workspace/CM_FW/build/CMakeFiles/CMakeTmp/testCCompiler.c
Linking C executable cmTryCompileExec3242522562
/usr/bin/cmake -E cmake_link_script CMakeFiles/cmTryCompileExec3242522562.dir/link.txt --verbose=1
/opt/fsl-networking/QorIQ-SDK-V1.7/sysroots/i686-fslsdk-linux/usr/bin/powerpc-fsl-linux-gnuspe/powerpc-fsl-linux-gnuspe-gcc   -m32 -mcpu=8548 -mabi=spe -mspe -mfloat-gprs=double --sysroot=/opt/fsl-networking/QorIQ-SDK-V1.7/sysroots/ppce500v2-fsl-linux-gnuspe      CMakeFiles/cmTryCompileExec3242522562.dir/testCCompiler.c.o  -o cmTryCompileExec3242522562 -rdynamic 
make[1]: Leaving directory `/vagrant/workspace/CM_FW/build/CMakeFiles/CMakeTmp'


Detecting C compiler ABI info compiled with the following output:
Change Dir: /vagrant/workspace/CM_FW/build/CMakeFiles/CMakeTmp

Run Build Command:/usr/bin/make "cmTryCompileExec1719820210/fast"
/usr/bin/make -f CMakeFiles/cmTryCompileExec1719820210.dir/build.make CMakeFiles/cmTryCompileExec1719820210.dir/build
make[1]: Entering directory `/vagrant/workspace/CM_FW/build/CMakeFiles/CMakeTmp'
/usr/bin/cmake -E cmake_progress_report /vagrant/workspace/CM_FW/build/CMakeFiles/CMakeTmp/CMakeFiles 1
Building C object CMakeFiles/cmTryCompileExec1719820210.dir/CMakeCCompilerABI.c.o
/opt/fsl-networking/QorIQ-SDK-V1.7/sysroots/i686-fslsdk-linux/usr/bin/powerpc-fsl-linux-gnuspe/powerpc-fsl-linux-gnuspe-gcc   -m32 -mcpu=8548 -mabi=spe -mspe -mfloat-gprs=double --sysroot=/opt/fsl-networking/QorIQ-SDK-V1.7/sysroots/ppce500v2-fsl-linux-gnuspe     -o CMakeFiles/cmTryCompileExec1719820210.dir/CMakeCCompilerABI.c.o   -c /usr/share/cmake-2.8/Modules/CMakeCCompilerABI.c
Linking C executable cmTryCompileExec1719820210
/usr/bin/cmake -E cmake_link_script CMakeFiles/cmTryCompileExec1719820210.dir/link.txt --verbose=1
/opt/fsl-networking/QorIQ-SDK-V1.7/sysroots/i686-fslsdk-linux/usr/bin/powerpc-fsl-linux-gnuspe/powerpc-fsl-linux-gnuspe-gcc   -m32 -mcpu=8548 -mabi=spe -mspe -mfloat-gprs=double --sysroot=/opt/fsl-networking/QorIQ-SDK-V1.7/sysroots/ppce500v2-fsl-linux-gnuspe    -v CMakeFiles/cmTryCompileExec1719820210.dir/CMakeCCompilerABI.c.o  -o cmTryCompileExec1719820210 -rdynamic  
Using built-in specs.
COLLECT_GCC=/opt/fsl-networking/QorIQ-SDK-V1.7/sysroots/i686-fslsdk-linux/usr/bin/powerpc-fsl-linux-gnuspe/powerpc-fsl-linux-gnuspe-gcc
COLLECT_LTO_WRAPPER=/opt/fsl-networking/QorIQ-SDK-V1.7/sysroots/i686-fslsdk-linux/usr/libexec/powerpc-fsl-linux/gcc/powerpc-fsl-linux/4.8.1/lto-wrapper
Target: powerpc-fsl-linux
Configured with: /local/workspace/ci/iso-make/master/p1022ds/build_p1022ds_release/tmp/work-shared/gcc-4.8.1+fsl-r0/gcc-4.8.1+fsl/configure --build=i686-linux --host=i686-fslsdk-linux --target=powerpc-fsl-linux --prefix=/opt/fsl-networking/QorIQ-SDK-V1.7/sysroots/i686-fslsdk-linux/usr --exec_prefix=/opt/fsl-networking/QorIQ-SDK-V1.7/sysroots/i686-fslsdk-linux/usr --bindir=/opt/fsl-networking/QorIQ-SDK-V1.7/sysroots/i686-fslsdk-linux/usr/bin/powerpc-fsl-linux --sbindir=/opt/fsl-networking/QorIQ-SDK-V1.7/sysroots/i686-fslsdk-linux/usr/bin/powerpc-fsl-linux --libexecdir=/opt/fsl-networking/QorIQ-SDK-V1.7/sysroots/i686-fslsdk-linux/usr/libexec/powerpc-fsl-linux --datadir=/opt/fsl-networking/QorIQ-SDK-V1.7/sysroots/i686-fslsdk-linux/usr/share --sysconfdir=/opt/fsl-networking/QorIQ-SDK-V1.7/sysroots/i686-fslsdk-linux/etc --sharedstatedir=/opt/fsl-networking/QorIQ-SDK-V1.7/sysroots/i686-fslsdk-linux/com --localstatedir=/opt/fsl-networking/QorIQ-SDK-V1.7/sysroots/i686-fslsdk-linux/var --libdir=/opt/fsl-networking/QorIQ-SDK-V1.7/sysroots/i686-fslsdk-linux/usr/lib/powerpc-fsl-linux --includedir=/opt/fsl-networking/QorIQ-SDK-V1.7/sysroots/i686-fslsdk-linux/usr/include --oldincludedir=/opt/fsl-networking/QorIQ-SDK-V1.7/sysroots/i686-fslsdk-linux/usr/include --infodir=/opt/fsl-networking/QorIQ-SDK-V1.7/sysroots/i686-fslsdk-linux/usr/share/info --mandir=/opt/fsl-networking/QorIQ-SDK-V1.7/sysroots/i686-fslsdk-linux/usr/share/man --disable-silent-rules --disable-dependency-tracking --with-libtool-sysroot=/local/workspace/ci/iso-make/master/p1022ds/build_p1022ds_release/tmp/sysroots/i686-nativesdk-fslsdk-linux --with-gnu-ld --enable-shared --enable-languages=c,c++ --enable-threads=posix --enable-multilib --enable-c99 --enable-long-long --enable-symvers=gnu --enable-libstdcxx-pch --program-prefix=powerpc-fsl-linux- --without-local-prefix --enable-lto --enable-libssp --disable-bootstrap --disable-libmudflap --with-system-zlib --with-linker-hash-style=gnu --enable-linker-build-id --enable-checking=release --enable-cheaders=c_global --enable-e500_double --with-gxx-include-dir=/opt/fsl-networking/QorIQ-SDK-V1.7/sysroots/ppce500v2-fsl-linux/usr/include/c++ --with-build-time-tools=/local/workspace/ci/iso-make/master/p1022ds/build_p1022ds_release/tmp/sysroots/i686-linux/usr/powerpc-fsl-linux/bin --with-sysroot=/opt/fsl-networking/QorIQ-SDK-V1.7/sysroots/ppce500v2-fsl-linux --with-build-sysroot=/local/workspace/ci/iso-make/master/p1022ds/build_p1022ds_release/tmp/sysroots/p1022ds --enable-targets=powerpc64 --disable-libunwind-exceptions --disable-libssp --disable-libgomp --disable-libmudflap --with-mpfr=/local/workspace/ci/iso-make/master/p1022ds/build_p1022ds_release/tmp/sysroots/i686-nativesdk-fslsdk-linux --with-mpc=/local/workspace/ci/iso-make/master/p1022ds/build_p1022ds_release/tmp/sysroots/i686-nativesdk-fslsdk-linux --with-isl=/local/workspace/ci/iso-make/master/p1022ds/build_p1022ds_release/tmp/sysroots/i686-nativesdk-fslsdk-linux/opt/fsl-networking/QorIQ-SDK-V1.7/sysroots/i686-fslsdk-linux/usr --with-cloog=/local/workspace/ci/iso-make/master/p1022ds/build_p1022ds_release/tmp/sysroots/i686-nativesdk-fslsdk-linux/opt/fsl-networking/QorIQ-SDK-V1.7/sysroots/i686-fslsdk-linux/usr --enable-nls --with-long-double-128 --enable-__cxa_atexit
Thread model: posix
gcc version 4.8.1 (GCC) 
COMPILER_PATH=/opt/fsl-networking/QorIQ-SDK-V1.7/sysroots/i686-fslsdk-linux/usr/libexec/powerpc-fsl-linux/gcc/powerpc-fsl-linux/4.8.1/:/opt/fsl-networking/QorIQ-SDK-V1.7/sysroots/i686-fslsdk-linux/usr/libexec/powerpc-fsl-linux/gcc/powerpc-fsl-linux/4.8.1/:/opt/fsl-networking/QorIQ-SDK-V1.7/sysroots/i686-fslsdk-linux/usr/libexec/powerpc-fsl-linux/gcc/powerpc-fsl-linux/:/opt/fsl-networking/QorIQ-SDK-V1.7/sysroots/i686-fslsdk-linux/usr/lib/powerpc-fsl-linux/gcc/powerpc-fsl-linux/4.8.1/:/opt/fsl-networking/QorIQ-SDK-V1.7/sysroots/i686-fslsdk-linux/usr/lib/powerpc-fsl-linux/gcc/powerpc-fsl-linux/
LIBRARY_PATH=/opt/fsl-networking/QorIQ-SDK-V1.7/sysroots/i686-fslsdk-linux/usr/lib/powerpc-fsl-linux/gcc/powerpc-fsl-linux/4.8.1/:/opt/fsl-networking/QorIQ-SDK-V1.7/sysroots/ppce500v2-fsl-linux-gnuspe/lib/../lib/:/opt/fsl-networking/QorIQ-SDK-V1.7/sysroots/ppce500v2-fsl-linux-gnuspe/usr/lib/powerpc-fsl-linux/4.8.1/:/opt/fsl-networking/QorIQ-SDK-V1.7/sysroots/ppce500v2-fsl-linux-gnuspe/usr/lib/../lib/:/opt/fsl-networking/QorIQ-SDK-V1.7/sysroots/ppce500v2-fsl-linux-gnuspe/lib/:/opt/fsl-networking/QorIQ-SDK-V1.7/sysroots/ppce500v2-fsl-linux-gnuspe/usr/lib/
COLLECT_GCC_OPTIONS='-m32' '-mcpu=8548' '-mabi=spe' '-mspe' '-mfloat-gprs=double' '-v' '-o' 'cmTryCompileExec1719820210' '-rdynamic'
 /opt/fsl-networking/QorIQ-SDK-V1.7/sysroots/i686-fslsdk-linux/usr/libexec/powerpc-fsl-linux/gcc/powerpc-fsl-linux/4.8.1/collect2 --sysroot=/opt/fsl-networking/QorIQ-SDK-V1.7/sysroots/ppce500v2-fsl-linux-gnuspe --build-id --eh-frame-hdr --hash-style=gnu -V -m elf32ppclinux -export-dynamic -dynamic-linker /lib/ld.so.1 -o cmTryCompileExec1719820210 /opt/fsl-networking/QorIQ-SDK-V1.7/sysroots/ppce500v2-fsl-linux-gnuspe/usr/lib/../lib/crt1.o /opt/fsl-networking/QorIQ-SDK-V1.7/sysroots/ppce500v2-fsl-linux-gnuspe/usr/lib/../lib/crti.o /opt/fsl-networking/QorIQ-SDK-V1.7/sysroots/ppce500v2-fsl-linux-gnuspe/usr/lib/powerpc-fsl-linux/4.8.1/crtbegin.o -L/opt/fsl-networking/QorIQ-SDK-V1.7/sysroots/i686-fslsdk-linux/usr/lib/powerpc-fsl-linux/gcc/powerpc-fsl-linux/4.8.1 -L/opt/fsl-networking/QorIQ-SDK-V1.7/sysroots/ppce500v2-fsl-linux-gnuspe/lib/../lib -L/opt/fsl-networking/QorIQ-SDK-V1.7/sysroots/ppce500v2-fsl-linux-gnuspe/usr/lib/powerpc-fsl-linux/4.8.1 -L/opt/fsl-networking/QorIQ-SDK-V1.7/sysroots/ppce500v2-fsl-linux-gnuspe/usr/lib/../lib -L/opt/fsl-networking/QorIQ-SDK-V1.7/sysroots/ppce500v2-fsl-linux-gnuspe/lib -L/opt/fsl-networking/QorIQ-SDK-V1.7/sysroots/ppce500v2-fsl-linux-gnuspe/usr/lib CMakeFiles/cmTryCompileExec1719820210.dir/CMakeCCompilerABI.c.o -lgcc --as-needed -lgcc_s --no-as-needed -lc -lgcc --as-needed -lgcc_s --no-as-needed /opt/fsl-networking/QorIQ-SDK-V1.7/sysroots/ppce500v2-fsl-linux-gnuspe/usr/lib/powerpc-fsl-linux/4.8.1/crtend.o /opt/fsl-networking/QorIQ-SDK-V1.7/sysroots/ppce500v2-fsl-linux-gnuspe/usr/lib/../lib/crtn.o
GNU ld (GNU Binutils) 2.23.2
  Supported emulations:
   elf32ppclinux
   elf32ppc
   elf32ppcsim
   elf64ppc
make[1]: Leaving directory `/vagrant/workspace/CM_FW/build/CMakeFiles/CMakeTmp'


Parsed C implicit link information from above output:
  link line regex: [^( *|.*[/\])(powerpc-fsl-linux-gnuspe-ld|([^/\]+-)?ld|collect2)[^/\]*( |$)]
  ignore line: [Change Dir: /vagrant/workspace/CM_FW/build/CMakeFiles/CMakeTmp]
  ignore line: []
  ignore line: [Run Build Command:/usr/bin/make "cmTryCompileExec1719820210/fast"]
  ignore line: [/usr/bin/make -f CMakeFiles/cmTryCompileExec1719820210.dir/build.make CMakeFiles/cmTryCompileExec1719820210.dir/build]
  ignore line: [make[1]: Entering directory `/vagrant/workspace/CM_FW/build/CMakeFiles/CMakeTmp']
  ignore line: [/usr/bin/cmake -E cmake_progress_report /vagrant/workspace/CM_FW/build/CMakeFiles/CMakeTmp/CMakeFiles 1]
  ignore line: [Building C object CMakeFiles/cmTryCompileExec1719820210.dir/CMakeCCompilerABI.c.o]
  ignore line: [/opt/fsl-networking/QorIQ-SDK-V1.7/sysroots/i686-fslsdk-linux/usr/bin/powerpc-fsl-linux-gnuspe/powerpc-fsl-linux-gnuspe-gcc   -m32 -mcpu=8548 -mabi=spe -mspe -mfloat-gprs=double --sysroot=/opt/fsl-networking/QorIQ-SDK-V1.7/sysroots/ppce500v2-fsl-linux-gnuspe     -o CMakeFiles/cmTryCompileExec1719820210.dir/CMakeCCompilerABI.c.o   -c /usr/share/cmake-2.8/Modules/CMakeCCompilerABI.c]
  ignore line: [Linking C executable cmTryCompileExec1719820210]
  ignore line: [/usr/bin/cmake -E cmake_link_script CMakeFiles/cmTryCompileExec1719820210.dir/link.txt --verbose=1]
  ignore line: [/opt/fsl-networking/QorIQ-SDK-V1.7/sysroots/i686-fslsdk-linux/usr/bin/powerpc-fsl-linux-gnuspe/powerpc-fsl-linux-gnuspe-gcc   -m32 -mcpu=8548 -mabi=spe -mspe -mfloat-gprs=double --sysroot=/opt/fsl-networking/QorIQ-SDK-V1.7/sysroots/ppce500v2-fsl-linux-gnuspe    -v CMakeFiles/cmTryCompileExec1719820210.dir/CMakeCCompilerABI.c.o  -o cmTryCompileExec1719820210 -rdynamic  ]
  ignore line: [Using built-in specs.]
  ignore line: [COLLECT_GCC=/opt/fsl-networking/QorIQ-SDK-V1.7/sysroots/i686-fslsdk-linux/usr/bin/powerpc-fsl-linux-gnuspe/powerpc-fsl-linux-gnuspe-gcc]
  ignore line: [COLLECT_LTO_WRAPPER=/opt/fsl-networking/QorIQ-SDK-V1.7/sysroots/i686-fslsdk-linux/usr/libexec/powerpc-fsl-linux/gcc/powerpc-fsl-linux/4.8.1/lto-wrapper]
  ignore line: [Target: powerpc-fsl-linux]
  ignore line: [Configured with: /local/workspace/ci/iso-make/master/p1022ds/build_p1022ds_release/tmp/work-shared/gcc-4.8.1+fsl-r0/gcc-4.8.1+fsl/configure --build=i686-linux --host=i686-fslsdk-linux --target=powerpc-fsl-linux --prefix=/opt/fsl-networking/QorIQ-SDK-V1.7/sysroots/i686-fslsdk-linux/usr --exec_prefix=/opt/fsl-networking/QorIQ-SDK-V1.7/sysroots/i686-fslsdk-linux/usr --bindir=/opt/fsl-networking/QorIQ-SDK-V1.7/sysroots/i686-fslsdk-linux/usr/bin/powerpc-fsl-linux --sbindir=/opt/fsl-networking/QorIQ-SDK-V1.7/sysroots/i686-fslsdk-linux/usr/bin/powerpc-fsl-linux --libexecdir=/opt/fsl-networking/QorIQ-SDK-V1.7/sysroots/i686-fslsdk-linux/usr/libexec/powerpc-fsl-linux --datadir=/opt/fsl-networking/QorIQ-SDK-V1.7/sysroots/i686-fslsdk-linux/usr/share --sysconfdir=/opt/fsl-networking/QorIQ-SDK-V1.7/sysroots/i686-fslsdk-linux/etc --sharedstatedir=/opt/fsl-networking/QorIQ-SDK-V1.7/sysroots/i686-fslsdk-linux/com --localstatedir=/opt/fsl-networking/QorIQ-SDK-V1.7/sysroots/i686-fslsdk-linux/var --libdir=/opt/fsl-networking/QorIQ-SDK-V1.7/sysroots/i686-fslsdk-linux/usr/lib/powerpc-fsl-linux --includedir=/opt/fsl-networking/QorIQ-SDK-V1.7/sysroots/i686-fslsdk-linux/usr/include --oldincludedir=/opt/fsl-networking/QorIQ-SDK-V1.7/sysroots/i686-fslsdk-linux/usr/include --infodir=/opt/fsl-networking/QorIQ-SDK-V1.7/sysroots/i686-fslsdk-linux/usr/share/info --mandir=/opt/fsl-networking/QorIQ-SDK-V1.7/sysroots/i686-fslsdk-linux/usr/share/man --disable-silent-rules --disable-dependency-tracking --with-libtool-sysroot=/local/workspace/ci/iso-make/master/p1022ds/build_p1022ds_release/tmp/sysroots/i686-nativesdk-fslsdk-linux --with-gnu-ld --enable-shared --enable-languages=c,c++ --enable-threads=posix --enable-multilib --enable-c99 --enable-long-long --enable-symvers=gnu --enable-libstdcxx-pch --program-prefix=powerpc-fsl-linux- --without-local-prefix --enable-lto --enable-libssp --disable-bootstrap --disable-libmudflap --with-system-zlib --with-linker-hash-style=gnu --enable-linker-build-id --enable-checking=release --enable-cheaders=c_global --enable-e500_double --with-gxx-include-dir=/opt/fsl-networking/QorIQ-SDK-V1.7/sysroots/ppce500v2-fsl-linux/usr/include/c++ --with-build-time-tools=/local/workspace/ci/iso-make/master/p1022ds/build_p1022ds_release/tmp/sysroots/i686-linux/usr/powerpc-fsl-linux/bin --with-sysroot=/opt/fsl-networking/QorIQ-SDK-V1.7/sysroots/ppce500v2-fsl-linux --with-build-sysroot=/local/workspace/ci/iso-make/master/p1022ds/build_p1022ds_release/tmp/sysroots/p1022ds --enable-targets=powerpc64 --disable-libunwind-exceptions --disable-libssp --disable-libgomp --disable-libmudflap --with-mpfr=/local/workspace/ci/iso-make/master/p1022ds/build_p1022ds_release/tmp/sysroots/i686-nativesdk-fslsdk-linux --with-mpc=/local/workspace/ci/iso-make/master/p1022ds/build_p1022ds_release/tmp/sysroots/i686-nativesdk-fslsdk-linux --with-isl=/local/workspace/ci/iso-make/master/p1022ds/build_p1022ds_release/tmp/sysroots/i686-nativesdk-fslsdk-linux/opt/fsl-networking/QorIQ-SDK-V1.7/sysroots/i686-fslsdk-linux/usr --with-cloog=/local/workspace/ci/iso-make/master/p1022ds/build_p1022ds_release/tmp/sysroots/i686-nativesdk-fslsdk-linux/opt/fsl-networking/QorIQ-SDK-V1.7/sysroots/i686-fslsdk-linux/usr --enable-nls --with-long-double-128 --enable-__cxa_atexit]
  ignore line: [Thread model: posix]
  ignore line: [gcc version 4.8.1 (GCC) ]
  ignore line: [COMPILER_PATH=/opt/fsl-networking/QorIQ-SDK-V1.7/sysroots/i686-fslsdk-linux/usr/libexec/powerpc-fsl-linux/gcc/powerpc-fsl-linux/4.8.1/:/opt/fsl-networking/QorIQ-SDK-V1.7/sysroots/i686-fslsdk-linux/usr/libexec/powerpc-fsl-linux/gcc/powerpc-fsl-linux/4.8.1/:/opt/fsl-networking/QorIQ-SDK-V1.7/sysroots/i686-fslsdk-linux/usr/libexec/powerpc-fsl-linux/gcc/powerpc-fsl-linux/:/opt/fsl-networking/QorIQ-SDK-V1.7/sysroots/i686-fslsdk-linux/usr/lib/powerpc-fsl-linux/gcc/powerpc-fsl-linux/4.8.1/:/opt/fsl-networking/QorIQ-SDK-V1.7/sysroots/i686-fslsdk-linux/usr/lib/powerpc-fsl-linux/gcc/powerpc-fsl-linux/]
  ignore line: [LIBRARY_PATH=/opt/fsl-networking/QorIQ-SDK-V1.7/sysroots/i686-fslsdk-linux/usr/lib/powerpc-fsl-linux/gcc/powerpc-fsl-linux/4.8.1/:/opt/fsl-networking/QorIQ-SDK-V1.7/sysroots/ppce500v2-fsl-linux-gnuspe/lib/../lib/:/opt/fsl-networking/QorIQ-SDK-V1.7/sysroots/ppce500v2-fsl-linux-gnuspe/usr/lib/powerpc-fsl-linux/4.8.1/:/opt/fsl-networking/QorIQ-SDK-V1.7/sysroots/ppce500v2-fsl-linux-gnuspe/usr/lib/../lib/:/opt/fsl-networking/QorIQ-SDK-V1.7/sysroots/ppce500v2-fsl-linux-gnuspe/lib/:/opt/fsl-networking/QorIQ-SDK-V1.7/sysroots/ppce500v2-fsl-linux-gnuspe/usr/lib/]
  ignore line: [COLLECT_GCC_OPTIONS='-m32' '-mcpu=8548' '-mabi=spe' '-mspe' '-mfloat-gprs=double' '-v' '-o' 'cmTryCompileExec1719820210' '-rdynamic']
  link line: [ /opt/fsl-networking/QorIQ-SDK-V1.7/sysroots/i686-fslsdk-linux/usr/libexec/powerpc-fsl-linux/gcc/powerpc-fsl-linux/4.8.1/collect2 --sysroot=/opt/fsl-networking/QorIQ-SDK-V1.7/sysroots/ppce500v2-fsl-linux-gnuspe --build-id --eh-frame-hdr --hash-style=gnu -V -m elf32ppclinux -export-dynamic -dynamic-linker /lib/ld.so.1 -o cmTryCompileExec1719820210 /opt/fsl-networking/QorIQ-SDK-V1.7/sysroots/ppce500v2-fsl-linux-gnuspe/usr/lib/../lib/crt1.o /opt/fsl-networking/QorIQ-SDK-V1.7/sysroots/ppce500v2-fsl-linux-gnuspe/usr/lib/../lib/crti.o /opt/fsl-networking/QorIQ-SDK-V1.7/sysroots/ppce500v2-fsl-linux-gnuspe/usr/lib/powerpc-fsl-linux/4.8.1/crtbegin.o -L/opt/fsl-networking/QorIQ-SDK-V1.7/sysroots/i686-fslsdk-linux/usr/lib/powerpc-fsl-linux/gcc/powerpc-fsl-linux/4.8.1 -L/opt/fsl-networking/QorIQ-SDK-V1.7/sysroots/ppce500v2-fsl-linux-gnuspe/lib/../lib -L/opt/fsl-networking/QorIQ-SDK-V1.7/sysroots/ppce500v2-fsl-linux-gnuspe/usr/lib/powerpc-fsl-linux/4.8.1 -L/opt/fsl-networking/QorIQ-SDK-V1.7/sysroots/ppce500v2-fsl-linux-gnuspe/usr/lib/../lib -L/opt/fsl-networking/QorIQ-SDK-V1.7/sysroots/ppce500v2-fsl-linux-gnuspe/lib -L/opt/fsl-networking/QorIQ-SDK-V1.7/sysroots/ppce500v2-fsl-linux-gnuspe/usr/lib CMakeFiles/cmTryCompileExec1719820210.dir/CMakeCCompilerABI.c.o -lgcc --as-needed -lgcc_s --no-as-needed -lc -lgcc --as-needed -lgcc_s --no-as-needed /opt/fsl-networking/QorIQ-SDK-V1.7/sysroots/ppce500v2-fsl-linux-gnuspe/usr/lib/powerpc-fsl-linux/4.8.1/crtend.o /opt/fsl-networking/QorIQ-SDK-V1.7/sysroots/ppce500v2-fsl-linux-gnuspe/usr/lib/../lib/crtn.o]
    arg [/opt/fsl-networking/QorIQ-SDK-V1.7/sysroots/i686-fslsdk-linux/usr/libexec/powerpc-fsl-linux/gcc/powerpc-fsl-linux/4.8.1/collect2] ==> ignore
    arg [--sysroot=/opt/fsl-networking/QorIQ-SDK-V1.7/sysroots/ppce500v2-fsl-linux-gnuspe] ==> ignore
    arg [--build-id] ==> ignore
    arg [--eh-frame-hdr] ==> ignore
    arg [--hash-style=gnu] ==> ignore
    arg [-V] ==> ignore
    arg [-m] ==> ignore
    arg [elf32ppclinux] ==> ignore
    arg [-export-dynamic] ==> ignore
    arg [-dynamic-linker] ==> ignore
    arg [/lib/ld.so.1] ==> ignore
    arg [-o] ==> ignore
    arg [cmTryCompileExec1719820210] ==> ignore
    arg [/opt/fsl-networking/QorIQ-SDK-V1.7/sysroots/ppce500v2-fsl-linux-gnuspe/usr/lib/../lib/crt1.o] ==> ignore
    arg [/opt/fsl-networking/QorIQ-SDK-V1.7/sysroots/ppce500v2-fsl-linux-gnuspe/usr/lib/../lib/crti.o] ==> ignore
    arg [/opt/fsl-networking/QorIQ-SDK-V1.7/sysroots/ppce500v2-fsl-linux-gnuspe/usr/lib/powerpc-fsl-linux/4.8.1/crtbegin.o] ==> ignore
    arg [-L/opt/fsl-networking/QorIQ-SDK-V1.7/sysroots/i686-fslsdk-linux/usr/lib/powerpc-fsl-linux/gcc/powerpc-fsl-linux/4.8.1] ==> dir [/opt/fsl-networking/QorIQ-SDK-V1.7/sysroots/i686-fslsdk-linux/usr/lib/powerpc-fsl-linux/gcc/powerpc-fsl-linux/4.8.1]
    arg [-L/opt/fsl-networking/QorIQ-SDK-V1.7/sysroots/ppce500v2-fsl-linux-gnuspe/lib/../lib] ==> dir [/opt/fsl-networking/QorIQ-SDK-V1.7/sysroots/ppce500v2-fsl-linux-gnuspe/lib/../lib]
    arg [-L/opt/fsl-networking/QorIQ-SDK-V1.7/sysroots/ppce500v2-fsl-linux-gnuspe/usr/lib/powerpc-fsl-linux/4.8.1] ==> dir [/opt/fsl-networking/QorIQ-SDK-V1.7/sysroots/ppce500v2-fsl-linux-gnuspe/usr/lib/powerpc-fsl-linux/4.8.1]
    arg [-L/opt/fsl-networking/QorIQ-SDK-V1.7/sysroots/ppce500v2-fsl-linux-gnuspe/usr/lib/../lib] ==> dir [/opt/fsl-networking/QorIQ-SDK-V1.7/sysroots/ppce500v2-fsl-linux-gnuspe/usr/lib/../lib]
    arg [-L/opt/fsl-networking/QorIQ-SDK-V1.7/sysroots/ppce500v2-fsl-linux-gnuspe/lib] ==> dir [/opt/fsl-networking/QorIQ-SDK-V1.7/sysroots/ppce500v2-fsl-linux-gnuspe/lib]
    arg [-L/opt/fsl-networking/QorIQ-SDK-V1.7/sysroots/ppce500v2-fsl-linux-gnuspe/usr/lib] ==> dir [/opt/fsl-networking/QorIQ-SDK-V1.7/sysroots/ppce500v2-fsl-linux-gnuspe/usr/lib]
    arg [CMakeFiles/cmTryCompileExec1719820210.dir/CMakeCCompilerABI.c.o] ==> ignore
    arg [-lgcc] ==> lib [gcc]
    arg [--as-needed] ==> ignore
    arg [-lgcc_s] ==> lib [gcc_s]
    arg [--no-as-needed] ==> ignore
    arg [-lc] ==> lib [c]
    arg [-lgcc] ==> lib [gcc]
    arg [--as-needed] ==> ignore
    arg [-lgcc_s] ==> lib [gcc_s]
    arg [--no-as-needed] ==> ignore
    arg [/opt/fsl-networking/QorIQ-SDK-V1.7/sysroots/ppce500v2-fsl-linux-gnuspe/usr/lib/powerpc-fsl-linux/4.8.1/crtend.o] ==> ignore
    arg [/opt/fsl-networking/QorIQ-SDK-V1.7/sysroots/ppce500v2-fsl-linux-gnuspe/usr/lib/../lib/crtn.o] ==> ignore
  remove lib [gcc]
  remove lib [gcc_s]
  remove lib [gcc]
  remove lib [gcc_s]
  collapse library dir [/opt/fsl-networking/QorIQ-SDK-V1.7/sysroots/i686-fslsdk-linux/usr/lib/powerpc-fsl-linux/gcc/powerpc-fsl-linux/4.8.1] ==> [/opt/fsl-networking/QorIQ-SDK-V1.7/sysroots/i686-fslsdk-linux/usr/lib/powerpc-fsl-linux/gcc/powerpc-fsl-linux/4.8.1]
  collapse library dir [/opt/fsl-networking/QorIQ-SDK-V1.7/sysroots/ppce500v2-fsl-linux-gnuspe/lib/../lib] ==> [/opt/fsl-networking/QorIQ-SDK-V1.7/sysroots/ppce500v2-fsl-linux-gnuspe/lib]
  collapse library dir [/opt/fsl-networking/QorIQ-SDK-V1.7/sysroots/ppce500v2-fsl-linux-gnuspe/usr/lib/powerpc-fsl-linux/4.8.1] ==> [/opt/fsl-networking/QorIQ-SDK-V1.7/sysroots/ppce500v2-fsl-linux-gnuspe/usr/lib/powerpc-fsl-linux/4.8.1]
  collapse library dir [/opt/fsl-networking/QorIQ-SDK-V1.7/sysroots/ppce500v2-fsl-linux-gnuspe/usr/lib/../lib] ==> [/opt/fsl-networking/QorIQ-SDK-V1.7/sysroots/ppce500v2-fsl-linux-gnuspe/usr/lib]
  collapse library dir [/opt/fsl-networking/QorIQ-SDK-V1.7/sysroots/ppce500v2-fsl-linux-gnuspe/lib] ==> [/opt/fsl-networking/QorIQ-SDK-V1.7/sysroots/ppce500v2-fsl-linux-gnuspe/lib]
  collapse library dir [/opt/fsl-networking/QorIQ-SDK-V1.7/sysroots/ppce500v2-fsl-linux-gnuspe/usr/lib] ==> [/opt/fsl-networking/QorIQ-SDK-V1.7/sysroots/ppce500v2-fsl-linux-gnuspe/usr/lib]
  implicit libs: [c]
  implicit dirs: [/opt/fsl-networking/QorIQ-SDK-V1.7/sysroots/i686-fslsdk-linux/usr/lib/powerpc-fsl-linux/gcc/powerpc-fsl-linux/4.8.1;/opt/fsl-networking/QorIQ-SDK-V1.7/sysroots/ppce500v2-fsl-linux-gnuspe/lib;/opt/fsl-networking/QorIQ-SDK-V1.7/sysroots/ppce500v2-fsl-linux-gnuspe/usr/lib/powerpc-fsl-linux/4.8.1;/opt/fsl-networking/QorIQ-SDK-V1.7/sysroots/ppce500v2-fsl-linux-gnuspe/usr/lib]
  implicit fwks: []


Determining if the CXX compiler works passed with the following output:
Change Dir: /vagrant/workspace/CM_FW/build/CMakeFiles/CMakeTmp

Run Build Command:/usr/bin/make "cmTryCompileExec1290652030/fast"
/usr/bin/make -f CMakeFiles/cmTryCompileExec1290652030.dir/build.make CMakeFiles/cmTryCompileExec1290652030.dir/build
make[1]: Entering directory `/vagrant/workspace/CM_FW/build/CMakeFiles/CMakeTmp'
/usr/bin/cmake -E cmake_progress_report /vagrant/workspace/CM_FW/build/CMakeFiles/CMakeTmp/CMakeFiles 1
Building CXX object CMakeFiles/cmTryCompileExec1290652030.dir/testCXXCompiler.cxx.o
/opt/fsl-networking/QorIQ-SDK-V1.7/sysroots/i686-fslsdk-linux/usr/bin/powerpc-fsl-linux-gnuspe/powerpc-fsl-linux-gnuspe-g++    -m32 -mcpu=8548 -mabi=spe -mspe -mfloat-gprs=double --sysroot=/opt/fsl-networking/QorIQ-SDK-V1.7/sysroots/ppce500v2-fsl-linux-gnuspe     -o CMakeFiles/cmTryCompileExec1290652030.dir/testCXXCompiler.cxx.o -c /vagrant/workspace/CM_FW/build/CMakeFiles/CMakeTmp/testCXXCompiler.cxx
Linking CXX executable cmTryCompileExec1290652030
/usr/bin/cmake -E cmake_link_script CMakeFiles/cmTryCompileExec1290652030.dir/link.txt --verbose=1
/opt/fsl-networking/QorIQ-SDK-V1.7/sysroots/i686-fslsdk-linux/usr/bin/powerpc-fsl-linux-gnuspe/powerpc-fsl-linux-gnuspe-g++    -m32 -mcpu=8548 -mabi=spe -mspe -mfloat-gprs=double --sysroot=/opt/fsl-networking/QorIQ-SDK-V1.7/sysroots/ppce500v2-fsl-linux-gnuspe      CMakeFiles/cmTryCompileExec1290652030.dir/testCXXCompiler.cxx.o  -o cmTryCompileExec1290652030 -rdynamic 
make[1]: Leaving directory `/vagrant/workspace/CM_FW/build/CMakeFiles/CMakeTmp'


Detecting CXX compiler ABI info compiled with the following output:
Change Dir: /vagrant/workspace/CM_FW/build/CMakeFiles/CMakeTmp

Run Build Command:/usr/bin/make "cmTryCompileExec3370756863/fast"
/usr/bin/make -f CMakeFiles/cmTryCompileExec3370756863.dir/build.make CMakeFiles/cmTryCompileExec3370756863.dir/build
make[1]: Entering directory `/vagrant/workspace/CM_FW/build/CMakeFiles/CMakeTmp'
/usr/bin/cmake -E cmake_progress_report /vagrant/workspace/CM_FW/build/CMakeFiles/CMakeTmp/CMakeFiles 1
Building CXX object CMakeFiles/cmTryCompileExec3370756863.dir/CMakeCXXCompilerABI.cpp.o
/opt/fsl-networking/QorIQ-SDK-V1.7/sysroots/i686-fslsdk-linux/usr/bin/powerpc-fsl-linux-gnuspe/powerpc-fsl-linux-gnuspe-g++    -m32 -mcpu=8548 -mabi=spe -mspe -mfloat-gprs=double --sysroot=/opt/fsl-networking/QorIQ-SDK-V1.7/sysroots/ppce500v2-fsl-linux-gnuspe     -o CMakeFiles/cmTryCompileExec3370756863.dir/CMakeCXXCompilerABI.cpp.o -c /usr/share/cmake-2.8/Modules/CMakeCXXCompilerABI.cpp
Linking CXX executable cmTryCompileExec3370756863
/usr/bin/cmake -E cmake_link_script CMakeFiles/cmTryCompileExec3370756863.dir/link.txt --verbose=1
/opt/fsl-networking/QorIQ-SDK-V1.7/sysroots/i686-fslsdk-linux/usr/bin/powerpc-fsl-linux-gnuspe/powerpc-fsl-linux-gnuspe-g++    -m32 -mcpu=8548 -mabi=spe -mspe -mfloat-gprs=double --sysroot=/opt/fsl-networking/QorIQ-SDK-V1.7/sysroots/ppce500v2-fsl-linux-gnuspe    -v CMakeFiles/cmTryCompileExec3370756863.dir/CMakeCXXCompilerABI.cpp.o  -o cmTryCompileExec3370756863 -rdynamic  
Using built-in specs.
COLLECT_GCC=/opt/fsl-networking/QorIQ-SDK-V1.7/sysroots/i686-fslsdk-linux/usr/bin/powerpc-fsl-linux-gnuspe/powerpc-fsl-linux-gnuspe-g++
COLLECT_LTO_WRAPPER=/opt/fsl-networking/QorIQ-SDK-V1.7/sysroots/i686-fslsdk-linux/usr/libexec/powerpc-fsl-linux/gcc/powerpc-fsl-linux/4.8.1/lto-wrapper
Target: powerpc-fsl-linux
Configured with: /local/workspace/ci/iso-make/master/p1022ds/build_p1022ds_release/tmp/work-shared/gcc-4.8.1+fsl-r0/gcc-4.8.1+fsl/configure --build=i686-linux --host=i686-fslsdk-linux --target=powerpc-fsl-linux --prefix=/opt/fsl-networking/QorIQ-SDK-V1.7/sysroots/i686-fslsdk-linux/usr --exec_prefix=/opt/fsl-networking/QorIQ-SDK-V1.7/sysroots/i686-fslsdk-linux/usr --bindir=/opt/fsl-networking/QorIQ-SDK-V1.7/sysroots/i686-fslsdk-linux/usr/bin/powerpc-fsl-linux --sbindir=/opt/fsl-networking/QorIQ-SDK-V1.7/sysroots/i686-fslsdk-linux/usr/bin/powerpc-fsl-linux --libexecdir=/opt/fsl-networking/QorIQ-SDK-V1.7/sysroots/i686-fslsdk-linux/usr/libexec/powerpc-fsl-linux --datadir=/opt/fsl-networking/QorIQ-SDK-V1.7/sysroots/i686-fslsdk-linux/usr/share --sysconfdir=/opt/fsl-networking/QorIQ-SDK-V1.7/sysroots/i686-fslsdk-linux/etc --sharedstatedir=/opt/fsl-networking/QorIQ-SDK-V1.7/sysroots/i686-fslsdk-linux/com --localstatedir=/opt/fsl-networking/QorIQ-SDK-V1.7/sysroots/i686-fslsdk-linux/var --libdir=/opt/fsl-networking/QorIQ-SDK-V1.7/sysroots/i686-fslsdk-linux/usr/lib/powerpc-fsl-linux --includedir=/opt/fsl-networking/QorIQ-SDK-V1.7/sysroots/i686-fslsdk-linux/usr/include --oldincludedir=/opt/fsl-networking/QorIQ-SDK-V1.7/sysroots/i686-fslsdk-linux/usr/include --infodir=/opt/fsl-networking/QorIQ-SDK-V1.7/sysroots/i686-fslsdk-linux/usr/share/info --mandir=/opt/fsl-networking/QorIQ-SDK-V1.7/sysroots/i686-fslsdk-linux/usr/share/man --disable-silent-rules --disable-dependency-tracking --with-libtool-sysroot=/local/workspace/ci/iso-make/master/p1022ds/build_p1022ds_release/tmp/sysroots/i686-nativesdk-fslsdk-linux --with-gnu-ld --enable-shared --enable-languages=c,c++ --enable-threads=posix --enable-multilib --enable-c99 --enable-long-long --enable-symvers=gnu --enable-libstdcxx-pch --program-prefix=powerpc-fsl-linux- --without-local-prefix --enable-lto --enable-libssp --disable-bootstrap --disable-libmudflap --with-system-zlib --with-linker-hash-style=gnu --enable-linker-build-id --enable-checking=release --enable-cheaders=c_global --enable-e500_double --with-gxx-include-dir=/opt/fsl-networking/QorIQ-SDK-V1.7/sysroots/ppce500v2-fsl-linux/usr/include/c++ --with-build-time-tools=/local/workspace/ci/iso-make/master/p1022ds/build_p1022ds_release/tmp/sysroots/i686-linux/usr/powerpc-fsl-linux/bin --with-sysroot=/opt/fsl-networking/QorIQ-SDK-V1.7/sysroots/ppce500v2-fsl-linux --with-build-sysroot=/local/workspace/ci/iso-make/master/p1022ds/build_p1022ds_release/tmp/sysroots/p1022ds --enable-targets=powerpc64 --disable-libunwind-exceptions --disable-libssp --disable-libgomp --disable-libmudflap --with-mpfr=/local/workspace/ci/iso-make/master/p1022ds/build_p1022ds_release/tmp/sysroots/i686-nativesdk-fslsdk-linux --with-mpc=/local/workspace/ci/iso-make/master/p1022ds/build_p1022ds_release/tmp/sysroots/i686-nativesdk-fslsdk-linux --with-isl=/local/workspace/ci/iso-make/master/p1022ds/build_p1022ds_release/tmp/sysroots/i686-nativesdk-fslsdk-linux/opt/fsl-networking/QorIQ-SDK-V1.7/sysroots/i686-fslsdk-linux/usr --with-cloog=/local/workspace/ci/iso-make/master/p1022ds/build_p1022ds_release/tmp/sysroots/i686-nativesdk-fslsdk-linux/opt/fsl-networking/QorIQ-SDK-V1.7/sysroots/i686-fslsdk-linux/usr --enable-nls --with-long-double-128 --enable-__cxa_atexit
Thread model: posix
gcc version 4.8.1 (GCC) 
COMPILER_PATH=/opt/fsl-networking/QorIQ-SDK-V1.7/sysroots/i686-fslsdk-linux/usr/libexec/powerpc-fsl-linux/gcc/powerpc-fsl-linux/4.8.1/:/opt/fsl-networking/QorIQ-SDK-V1.7/sysroots/i686-fslsdk-linux/usr/libexec/powerpc-fsl-linux/gcc/powerpc-fsl-linux/4.8.1/:/opt/fsl-networking/QorIQ-SDK-V1.7/sysroots/i686-fslsdk-linux/usr/libexec/powerpc-fsl-linux/gcc/powerpc-fsl-linux/:/opt/fsl-networking/QorIQ-SDK-V1.7/sysroots/i686-fslsdk-linux/usr/lib/powerpc-fsl-linux/gcc/powerpc-fsl-linux/4.8.1/:/opt/fsl-networking/QorIQ-SDK-V1.7/sysroots/i686-fslsdk-linux/usr/lib/powerpc-fsl-linux/gcc/powerpc-fsl-linux/
LIBRARY_PATH=/opt/fsl-networking/QorIQ-SDK-V1.7/sysroots/i686-fslsdk-linux/usr/lib/powerpc-fsl-linux/gcc/powerpc-fsl-linux/4.8.1/:/opt/fsl-networking/QorIQ-SDK-V1.7/sysroots/ppce500v2-fsl-linux-gnuspe/lib/../lib/:/opt/fsl-networking/QorIQ-SDK-V1.7/sysroots/ppce500v2-fsl-linux-gnuspe/usr/lib/powerpc-fsl-linux/4.8.1/:/opt/fsl-networking/QorIQ-SDK-V1.7/sysroots/ppce500v2-fsl-linux-gnuspe/usr/lib/../lib/:/opt/fsl-networking/QorIQ-SDK-V1.7/sysroots/ppce500v2-fsl-linux-gnuspe/lib/:/opt/fsl-networking/QorIQ-SDK-V1.7/sysroots/ppce500v2-fsl-linux-gnuspe/usr/lib/
COLLECT_GCC_OPTIONS='-m32' '-mcpu=8548' '-mabi=spe' '-mspe' '-mfloat-gprs=double' '-v' '-o' 'cmTryCompileExec3370756863' '-rdynamic' '-shared-libgcc'
 /opt/fsl-networking/QorIQ-SDK-V1.7/sysroots/i686-fslsdk-linux/usr/libexec/powerpc-fsl-linux/gcc/powerpc-fsl-linux/4.8.1/collect2 --sysroot=/opt/fsl-networking/QorIQ-SDK-V1.7/sysroots/ppce500v2-fsl-linux-gnuspe --build-id --eh-frame-hdr --hash-style=gnu -V -m elf32ppclinux -export-dynamic -dynamic-linker /lib/ld.so.1 -o cmTryCompileExec3370756863 /opt/fsl-networking/QorIQ-SDK-V1.7/sysroots/ppce500v2-fsl-linux-gnuspe/usr/lib/../lib/crt1.o /opt/fsl-networking/QorIQ-SDK-V1.7/sysroots/ppce500v2-fsl-linux-gnuspe/usr/lib/../lib/crti.o /opt/fsl-networking/QorIQ-SDK-V1.7/sysroots/ppce500v2-fsl-linux-gnuspe/usr/lib/powerpc-fsl-linux/4.8.1/crtbegin.o -L/opt/fsl-networking/QorIQ-SDK-V1.7/sysroots/i686-fslsdk-linux/usr/lib/powerpc-fsl-linux/gcc/powerpc-fsl-linux/4.8.1 -L/opt/fsl-networking/QorIQ-SDK-V1.7/sysroots/ppce500v2-fsl-linux-gnuspe/lib/../lib -L/opt/fsl-networking/QorIQ-SDK-V1.7/sysroots/ppce500v2-fsl-linux-gnuspe/usr/lib/powerpc-fsl-linux/4.8.1 -L/opt/fsl-networking/QorIQ-SDK-V1.7/sysroots/ppce500v2-fsl-linux-gnuspe/usr/lib/../lib -L/opt/fsl-networking/QorIQ-SDK-V1.7/sysroots/ppce500v2-fsl-linux-gnuspe/lib -L/opt/fsl-networking/QorIQ-SDK-V1.7/sysroots/ppce500v2-fsl-linux-gnuspe/usr/lib CMakeFiles/cmTryCompileExec3370756863.dir/CMakeCXXCompilerABI.cpp.o -lstdc++ -lm -lgcc_s -lgcc -lc -lgcc_s -lgcc /opt/fsl-networking/QorIQ-SDK-V1.7/sysroots/ppce500v2-fsl-linux-gnuspe/usr/lib/powerpc-fsl-linux/4.8.1/crtend.o /opt/fsl-networking/QorIQ-SDK-V1.7/sysroots/ppce500v2-fsl-linux-gnuspe/usr/lib/../lib/crtn.o
GNU ld (GNU Binutils) 2.23.2
  Supported emulations:
   elf32ppclinux
   elf32ppc
   elf32ppcsim
   elf64ppc
make[1]: Leaving directory `/vagrant/workspace/CM_FW/build/CMakeFiles/CMakeTmp'


Parsed CXX implicit link information from above output:
  link line regex: [^( *|.*[/\])(powerpc-fsl-linux-gnuspe-ld|([^/\]+-)?ld|collect2)[^/\]*( |$)]
  ignore line: [Change Dir: /vagrant/workspace/CM_FW/build/CMakeFiles/CMakeTmp]
  ignore line: []
  ignore line: [Run Build Command:/usr/bin/make "cmTryCompileExec3370756863/fast"]
  ignore line: [/usr/bin/make -f CMakeFiles/cmTryCompileExec3370756863.dir/build.make CMakeFiles/cmTryCompileExec3370756863.dir/build]
  ignore line: [make[1]: Entering directory `/vagrant/workspace/CM_FW/build/CMakeFiles/CMakeTmp']
  ignore line: [/usr/bin/cmake -E cmake_progress_report /vagrant/workspace/CM_FW/build/CMakeFiles/CMakeTmp/CMakeFiles 1]
  ignore line: [Building CXX object CMakeFiles/cmTryCompileExec3370756863.dir/CMakeCXXCompilerABI.cpp.o]
  ignore line: [/opt/fsl-networking/QorIQ-SDK-V1.7/sysroots/i686-fslsdk-linux/usr/bin/powerpc-fsl-linux-gnuspe/powerpc-fsl-linux-gnuspe-g++    -m32 -mcpu=8548 -mabi=spe -mspe -mfloat-gprs=double --sysroot=/opt/fsl-networking/QorIQ-SDK-V1.7/sysroots/ppce500v2-fsl-linux-gnuspe     -o CMakeFiles/cmTryCompileExec3370756863.dir/CMakeCXXCompilerABI.cpp.o -c /usr/share/cmake-2.8/Modules/CMakeCXXCompilerABI.cpp]
  ignore line: [Linking CXX executable cmTryCompileExec3370756863]
  ignore line: [/usr/bin/cmake -E cmake_link_script CMakeFiles/cmTryCompileExec3370756863.dir/link.txt --verbose=1]
  ignore line: [/opt/fsl-networking/QorIQ-SDK-V1.7/sysroots/i686-fslsdk-linux/usr/bin/powerpc-fsl-linux-gnuspe/powerpc-fsl-linux-gnuspe-g++    -m32 -mcpu=8548 -mabi=spe -mspe -mfloat-gprs=double --sysroot=/opt/fsl-networking/QorIQ-SDK-V1.7/sysroots/ppce500v2-fsl-linux-gnuspe    -v CMakeFiles/cmTryCompileExec3370756863.dir/CMakeCXXCompilerABI.cpp.o  -o cmTryCompileExec3370756863 -rdynamic  ]
  ignore line: [Using built-in specs.]
  ignore line: [COLLECT_GCC=/opt/fsl-networking/QorIQ-SDK-V1.7/sysroots/i686-fslsdk-linux/usr/bin/powerpc-fsl-linux-gnuspe/powerpc-fsl-linux-gnuspe-g++]
  ignore line: [COLLECT_LTO_WRAPPER=/opt/fsl-networking/QorIQ-SDK-V1.7/sysroots/i686-fslsdk-linux/usr/libexec/powerpc-fsl-linux/gcc/powerpc-fsl-linux/4.8.1/lto-wrapper]
  ignore line: [Target: powerpc-fsl-linux]
  ignore line: [Configured with: /local/workspace/ci/iso-make/master/p1022ds/build_p1022ds_release/tmp/work-shared/gcc-4.8.1+fsl-r0/gcc-4.8.1+fsl/configure --build=i686-linux --host=i686-fslsdk-linux --target=powerpc-fsl-linux --prefix=/opt/fsl-networking/QorIQ-SDK-V1.7/sysroots/i686-fslsdk-linux/usr --exec_prefix=/opt/fsl-networking/QorIQ-SDK-V1.7/sysroots/i686-fslsdk-linux/usr --bindir=/opt/fsl-networking/QorIQ-SDK-V1.7/sysroots/i686-fslsdk-linux/usr/bin/powerpc-fsl-linux --sbindir=/opt/fsl-networking/QorIQ-SDK-V1.7/sysroots/i686-fslsdk-linux/usr/bin/powerpc-fsl-linux --libexecdir=/opt/fsl-networking/QorIQ-SDK-V1.7/sysroots/i686-fslsdk-linux/usr/libexec/powerpc-fsl-linux --datadir=/opt/fsl-networking/QorIQ-SDK-V1.7/sysroots/i686-fslsdk-linux/usr/share --sysconfdir=/opt/fsl-networking/QorIQ-SDK-V1.7/sysroots/i686-fslsdk-linux/etc --sharedstatedir=/opt/fsl-networking/QorIQ-SDK-V1.7/sysroots/i686-fslsdk-linux/com --localstatedir=/opt/fsl-networking/QorIQ-SDK-V1.7/sysroots/i686-fslsdk-linux/var --libdir=/opt/fsl-networking/QorIQ-SDK-V1.7/sysroots/i686-fslsdk-linux/usr/lib/powerpc-fsl-linux --includedir=/opt/fsl-networking/QorIQ-SDK-V1.7/sysroots/i686-fslsdk-linux/usr/include --oldincludedir=/opt/fsl-networking/QorIQ-SDK-V1.7/sysroots/i686-fslsdk-linux/usr/include --infodir=/opt/fsl-networking/QorIQ-SDK-V1.7/sysroots/i686-fslsdk-linux/usr/share/info --mandir=/opt/fsl-networking/QorIQ-SDK-V1.7/sysroots/i686-fslsdk-linux/usr/share/man --disable-silent-rules --disable-dependency-tracking --with-libtool-sysroot=/local/workspace/ci/iso-make/master/p1022ds/build_p1022ds_release/tmp/sysroots/i686-nativesdk-fslsdk-linux --with-gnu-ld --enable-shared --enable-languages=c,c++ --enable-threads=posix --enable-multilib --enable-c99 --enable-long-long --enable-symvers=gnu --enable-libstdcxx-pch --program-prefix=powerpc-fsl-linux- --without-local-prefix --enable-lto --enable-libssp --disable-bootstrap --disable-libmudflap --with-system-zlib --with-linker-hash-style=gnu --enable-linker-build-id --enable-checking=release --enable-cheaders=c_global --enable-e500_double --with-gxx-include-dir=/opt/fsl-networking/QorIQ-SDK-V1.7/sysroots/ppce500v2-fsl-linux/usr/include/c++ --with-build-time-tools=/local/workspace/ci/iso-make/master/p1022ds/build_p1022ds_release/tmp/sysroots/i686-linux/usr/powerpc-fsl-linux/bin --with-sysroot=/opt/fsl-networking/QorIQ-SDK-V1.7/sysroots/ppce500v2-fsl-linux --with-build-sysroot=/local/workspace/ci/iso-make/master/p1022ds/build_p1022ds_release/tmp/sysroots/p1022ds --enable-targets=powerpc64 --disable-libunwind-exceptions --disable-libssp --disable-libgomp --disable-libmudflap --with-mpfr=/local/workspace/ci/iso-make/master/p1022ds/build_p1022ds_release/tmp/sysroots/i686-nativesdk-fslsdk-linux --with-mpc=/local/workspace/ci/iso-make/master/p1022ds/build_p1022ds_release/tmp/sysroots/i686-nativesdk-fslsdk-linux --with-isl=/local/workspace/ci/iso-make/master/p1022ds/build_p1022ds_release/tmp/sysroots/i686-nativesdk-fslsdk-linux/opt/fsl-networking/QorIQ-SDK-V1.7/sysroots/i686-fslsdk-linux/usr --with-cloog=/local/workspace/ci/iso-make/master/p1022ds/build_p1022ds_release/tmp/sysroots/i686-nativesdk-fslsdk-linux/opt/fsl-networking/QorIQ-SDK-V1.7/sysroots/i686-fslsdk-linux/usr --enable-nls --with-long-double-128 --enable-__cxa_atexit]
  ignore line: [Thread model: posix]
  ignore line: [gcc version 4.8.1 (GCC) ]
  ignore line: [COMPILER_PATH=/opt/fsl-networking/QorIQ-SDK-V1.7/sysroots/i686-fslsdk-linux/usr/libexec/powerpc-fsl-linux/gcc/powerpc-fsl-linux/4.8.1/:/opt/fsl-networking/QorIQ-SDK-V1.7/sysroots/i686-fslsdk-linux/usr/libexec/powerpc-fsl-linux/gcc/powerpc-fsl-linux/4.8.1/:/opt/fsl-networking/QorIQ-SDK-V1.7/sysroots/i686-fslsdk-linux/usr/libexec/powerpc-fsl-linux/gcc/powerpc-fsl-linux/:/opt/fsl-networking/QorIQ-SDK-V1.7/sysroots/i686-fslsdk-linux/usr/lib/powerpc-fsl-linux/gcc/powerpc-fsl-linux/4.8.1/:/opt/fsl-networking/QorIQ-SDK-V1.7/sysroots/i686-fslsdk-linux/usr/lib/powerpc-fsl-linux/gcc/powerpc-fsl-linux/]
  ignore line: [LIBRARY_PATH=/opt/fsl-networking/QorIQ-SDK-V1.7/sysroots/i686-fslsdk-linux/usr/lib/powerpc-fsl-linux/gcc/powerpc-fsl-linux/4.8.1/:/opt/fsl-networking/QorIQ-SDK-V1.7/sysroots/ppce500v2-fsl-linux-gnuspe/lib/../lib/:/opt/fsl-networking/QorIQ-SDK-V1.7/sysroots/ppce500v2-fsl-linux-gnuspe/usr/lib/powerpc-fsl-linux/4.8.1/:/opt/fsl-networking/QorIQ-SDK-V1.7/sysroots/ppce500v2-fsl-linux-gnuspe/usr/lib/../lib/:/opt/fsl-networking/QorIQ-SDK-V1.7/sysroots/ppce500v2-fsl-linux-gnuspe/lib/:/opt/fsl-networking/QorIQ-SDK-V1.7/sysroots/ppce500v2-fsl-linux-gnuspe/usr/lib/]
  ignore line: [COLLECT_GCC_OPTIONS='-m32' '-mcpu=8548' '-mabi=spe' '-mspe' '-mfloat-gprs=double' '-v' '-o' 'cmTryCompileExec3370756863' '-rdynamic' '-shared-libgcc']
  link line: [ /opt/fsl-networking/QorIQ-SDK-V1.7/sysroots/i686-fslsdk-linux/usr/libexec/powerpc-fsl-linux/gcc/powerpc-fsl-linux/4.8.1/collect2 --sysroot=/opt/fsl-networking/QorIQ-SDK-V1.7/sysroots/ppce500v2-fsl-linux-gnuspe --build-id --eh-frame-hdr --hash-style=gnu -V -m elf32ppclinux -export-dynamic -dynamic-linker /lib/ld.so.1 -o cmTryCompileExec3370756863 /opt/fsl-networking/QorIQ-SDK-V1.7/sysroots/ppce500v2-fsl-linux-gnuspe/usr/lib/../lib/crt1.o /opt/fsl-networking/QorIQ-SDK-V1.7/sysroots/ppce500v2-fsl-linux-gnuspe/usr/lib/../lib/crti.o /opt/fsl-networking/QorIQ-SDK-V1.7/sysroots/ppce500v2-fsl-linux-gnuspe/usr/lib/powerpc-fsl-linux/4.8.1/crtbegin.o -L/opt/fsl-networking/QorIQ-SDK-V1.7/sysroots/i686-fslsdk-linux/usr/lib/powerpc-fsl-linux/gcc/powerpc-fsl-linux/4.8.1 -L/opt/fsl-networking/QorIQ-SDK-V1.7/sysroots/ppce500v2-fsl-linux-gnuspe/lib/../lib -L/opt/fsl-networking/QorIQ-SDK-V1.7/sysroots/ppce500v2-fsl-linux-gnuspe/usr/lib/powerpc-fsl-linux/4.8.1 -L/opt/fsl-networking/QorIQ-SDK-V1.7/sysroots/ppce500v2-fsl-linux-gnuspe/usr/lib/../lib -L/opt/fsl-networking/QorIQ-SDK-V1.7/sysroots/ppce500v2-fsl-linux-gnuspe/lib -L/opt/fsl-networking/QorIQ-SDK-V1.7/sysroots/ppce500v2-fsl-linux-gnuspe/usr/lib CMakeFiles/cmTryCompileExec3370756863.dir/CMakeCXXCompilerABI.cpp.o -lstdc++ -lm -lgcc_s -lgcc -lc -lgcc_s -lgcc /opt/fsl-networking/QorIQ-SDK-V1.7/sysroots/ppce500v2-fsl-linux-gnuspe/usr/lib/powerpc-fsl-linux/4.8.1/crtend.o /opt/fsl-networking/QorIQ-SDK-V1.7/sysroots/ppce500v2-fsl-linux-gnuspe/usr/lib/../lib/crtn.o]
    arg [/opt/fsl-networking/QorIQ-SDK-V1.7/sysroots/i686-fslsdk-linux/usr/libexec/powerpc-fsl-linux/gcc/powerpc-fsl-linux/4.8.1/collect2] ==> ignore
    arg [--sysroot=/opt/fsl-networking/QorIQ-SDK-V1.7/sysroots/ppce500v2-fsl-linux-gnuspe] ==> ignore
    arg [--build-id] ==> ignore
    arg [--eh-frame-hdr] ==> ignore
    arg [--hash-style=gnu] ==> ignore
    arg [-V] ==> ignore
    arg [-m] ==> ignore
    arg [elf32ppclinux] ==> ignore
    arg [-export-dynamic] ==> ignore
    arg [-dynamic-linker] ==> ignore
    arg [/lib/ld.so.1] ==> ignore
    arg [-o] ==> ignore
    arg [cmTryCompileExec3370756863] ==> ignore
    arg [/opt/fsl-networking/QorIQ-SDK-V1.7/sysroots/ppce500v2-fsl-linux-gnuspe/usr/lib/../lib/crt1.o] ==> ignore
    arg [/opt/fsl-networking/QorIQ-SDK-V1.7/sysroots/ppce500v2-fsl-linux-gnuspe/usr/lib/../lib/crti.o] ==> ignore
    arg [/opt/fsl-networking/QorIQ-SDK-V1.7/sysroots/ppce500v2-fsl-linux-gnuspe/usr/lib/powerpc-fsl-linux/4.8.1/crtbegin.o] ==> ignore
    arg [-L/opt/fsl-networking/QorIQ-SDK-V1.7/sysroots/i686-fslsdk-linux/usr/lib/powerpc-fsl-linux/gcc/powerpc-fsl-linux/4.8.1] ==> dir [/opt/fsl-networking/QorIQ-SDK-V1.7/sysroots/i686-fslsdk-linux/usr/lib/powerpc-fsl-linux/gcc/powerpc-fsl-linux/4.8.1]
    arg [-L/opt/fsl-networking/QorIQ-SDK-V1.7/sysroots/ppce500v2-fsl-linux-gnuspe/lib/../lib] ==> dir [/opt/fsl-networking/QorIQ-SDK-V1.7/sysroots/ppce500v2-fsl-linux-gnuspe/lib/../lib]
    arg [-L/opt/fsl-networking/QorIQ-SDK-V1.7/sysroots/ppce500v2-fsl-linux-gnuspe/usr/lib/powerpc-fsl-linux/4.8.1] ==> dir [/opt/fsl-networking/QorIQ-SDK-V1.7/sysroots/ppce500v2-fsl-linux-gnuspe/usr/lib/powerpc-fsl-linux/4.8.1]
    arg [-L/opt/fsl-networking/QorIQ-SDK-V1.7/sysroots/ppce500v2-fsl-linux-gnuspe/usr/lib/../lib] ==> dir [/opt/fsl-networking/QorIQ-SDK-V1.7/sysroots/ppce500v2-fsl-linux-gnuspe/usr/lib/../lib]
    arg [-L/opt/fsl-networking/QorIQ-SDK-V1.7/sysroots/ppce500v2-fsl-linux-gnuspe/lib] ==> dir [/opt/fsl-networking/QorIQ-SDK-V1.7/sysroots/ppce500v2-fsl-linux-gnuspe/lib]
    arg [-L/opt/fsl-networking/QorIQ-SDK-V1.7/sysroots/ppce500v2-fsl-linux-gnuspe/usr/lib] ==> dir [/opt/fsl-networking/QorIQ-SDK-V1.7/sysroots/ppce500v2-fsl-linux-gnuspe/usr/lib]
    arg [CMakeFiles/cmTryCompileExec3370756863.dir/CMakeCXXCompilerABI.cpp.o] ==> ignore
    arg [-lstdc++] ==> lib [stdc++]
    arg [-lm] ==> lib [m]
    arg [-lgcc_s] ==> lib [gcc_s]
    arg [-lgcc] ==> lib [gcc]
    arg [-lc] ==> lib [c]
    arg [-lgcc_s] ==> lib [gcc_s]
    arg [-lgcc] ==> lib [gcc]
    arg [/opt/fsl-networking/QorIQ-SDK-V1.7/sysroots/ppce500v2-fsl-linux-gnuspe/usr/lib/powerpc-fsl-linux/4.8.1/crtend.o] ==> ignore
    arg [/opt/fsl-networking/QorIQ-SDK-V1.7/sysroots/ppce500v2-fsl-linux-gnuspe/usr/lib/../lib/crtn.o] ==> ignore
  remove lib [gcc_s]
  remove lib [gcc]
  remove lib [gcc_s]
  remove lib [gcc]
  collapse library dir [/opt/fsl-networking/QorIQ-SDK-V1.7/sysroots/i686-fslsdk-linux/usr/lib/powerpc-fsl-linux/gcc/powerpc-fsl-linux/4.8.1] ==> [/opt/fsl-networking/QorIQ-SDK-V1.7/sysroots/i686-fslsdk-linux/usr/lib/powerpc-fsl-linux/gcc/powerpc-fsl-linux/4.8.1]
  collapse library dir [/opt/fsl-networking/QorIQ-SDK-V1.7/sysroots/ppce500v2-fsl-linux-gnuspe/lib/../lib] ==> [/opt/fsl-networking/QorIQ-SDK-V1.7/sysroots/ppce500v2-fsl-linux-gnuspe/lib]
  collapse library dir [/opt/fsl-networking/QorIQ-SDK-V1.7/sysroots/ppce500v2-fsl-linux-gnuspe/usr/lib/powerpc-fsl-linux/4.8.1] ==> [/opt/fsl-networking/QorIQ-SDK-V1.7/sysroots/ppce500v2-fsl-linux-gnuspe/usr/lib/powerpc-fsl-linux/4.8.1]
  collapse library dir [/opt/fsl-networking/QorIQ-SDK-V1.7/sysroots/ppce500v2-fsl-linux-gnuspe/usr/lib/../lib] ==> [/opt/fsl-networking/QorIQ-SDK-V1.7/sysroots/ppce500v2-fsl-linux-gnuspe/usr/lib]
  collapse library dir [/opt/fsl-networking/QorIQ-SDK-V1.7/sysroots/ppce500v2-fsl-linux-gnuspe/lib] ==> [/opt/fsl-networking/QorIQ-SDK-V1.7/sysroots/ppce500v2-fsl-linux-gnuspe/lib]
  collapse library dir [/opt/fsl-networking/QorIQ-SDK-V1.7/sysroots/ppce500v2-fsl-linux-gnuspe/usr/lib] ==> [/opt/fsl-networking/QorIQ-SDK-V1.7/sysroots/ppce500v2-fsl-linux-gnuspe/usr/lib]
  implicit libs: [stdc++;m;c]
  implicit dirs: [/opt/fsl-networking/QorIQ-SDK-V1.7/sysroots/i686-fslsdk-linux/usr/lib/powerpc-fsl-linux/gcc/powerpc-fsl-linux/4.8.1;/opt/fsl-networking/QorIQ-SDK-V1.7/sysroots/ppce500v2-fsl-linux-gnuspe/lib;/opt/fsl-networking/QorIQ-SDK-V1.7/sysroots/ppce500v2-fsl-linux-gnuspe/usr/lib/powerpc-fsl-linux/4.8.1;/opt/fsl-networking/QorIQ-SDK-V1.7/sysroots/ppce500v2-fsl-linux-gnuspe/usr/lib]
  implicit fwks: []


